2025-06-15 08:07:33,296 - ============================== args ==============================
2025-06-15 08:07:33,296 - dataset: weibo
2025-06-15 08:07:33,296 - model: System2
2025-06-15 08:07:33,296 - batch: 32
2025-06-15 08:07:33,296 - mode: both
2025-06-15 08:07:33,296 - seed: 2024
2025-06-15 08:07:33,296 - ============================== End args ==============================
2025-06-15 08:07:33,296 - ============================== config ==============================
2025-06-15 08:07:33,296 - BertModel: <class 'transformers.models.bert.modeling_bert.BertModel'>
2025-06-15 08:07:33,297 - BertTokenizer: <class 'transformers.models.bert.tokenization_bert.BertTokenizer'>
2025-06-15 08:07:33,297 - CLIPModel: <class 'transformers.models.clip.modeling_clip.CLIPModel'>
2025-06-15 08:07:33,297 - CLIPProcessor: <class 'transformers.models.clip.processing_clip.CLIPProcessor'>
2025-06-15 08:07:33,297 - att_dropout: 0
2025-06-15 08:07:33,297 - att_num_heads: 8
2025-06-15 08:07:33,297 - batch_size: 32
2025-06-15 08:07:33,297 - bert_dir: ./bert-base-multilingual-uncased/
2025-06-15 08:07:33,297 - classifier_hidden_dim: 128
2025-06-15 08:07:33,297 - clip_dir: ./clip-vit-base-patch32/
2025-06-15 08:07:33,297 - decayRate: 0.96
2025-06-15 08:07:33,297 - device: cuda
2025-06-15 08:07:33,297 - edge_feats: 768
2025-06-15 08:07:33,297 - epoch: 10
2025-06-15 08:07:33,297 - f_dropout: 0
2025-06-15 08:07:33,297 - hidden_dim: 768
2025-06-15 08:07:33,297 - img_dim: 768
2025-06-15 08:07:33,297 - knowledge_enhanced: True
2025-06-15 08:07:33,297 - lr: 5e-05
2025-06-15 08:07:33,297 - max_captions_num: 5
2025-06-15 08:07:33,297 - max_images_num: 5
2025-06-15 08:07:33,297 - model_saved_path: ./checkpoints/
2025-06-15 08:07:33,297 - n_layers: 2
2025-06-15 08:07:33,297 - node_feats: 768
2025-06-15 08:07:33,297 - num_classes: 3
2025-06-15 08:07:33,297 - num_heads: 2
2025-06-15 08:07:33,297 - out_feats: 768
2025-06-15 08:07:33,297 - patience: 3
2025-06-15 08:07:33,297 - pheme_dataset_dir: ../data/PHEME/
2025-06-15 08:07:33,297 - scheduler_bert_freeze: True
2025-06-15 08:07:33,297 - scheduler_swintransformer_freeze: True
2025-06-15 08:07:33,297 - swin_transformer: ./swin-transformer
2025-06-15 08:07:33,297 - sys1_bert_freeze: True
2025-06-15 08:07:33,297 - sys1_clip_freeze: True
2025-06-15 08:07:33,297 - sys1_swintransformer_freeze: True
2025-06-15 08:07:33,298 - sys2_bert_freeze: False
2025-06-15 08:07:33,298 - sys2_clip_freeze: False
2025-06-15 08:07:33,298 - sys2_swintransformer_freeze: False
2025-06-15 08:07:33,298 - test_ratio: 0.1
2025-06-15 08:07:33,298 - text_dim: 768
2025-06-15 08:07:33,298 - text_max_length: 40
2025-06-15 08:07:33,298 - torch: <module 'torch' from '/home/huang001/anaconda3/lib/python3.11/site-packages/torch/__init__.py'>
2025-06-15 08:07:33,298 - train_ratio: 0.8
2025-06-15 08:07:33,298 - twitter_dataset_dir: ../data/Twitter/
2025-06-15 08:07:33,298 - val_ratio: 0.1
2025-06-15 08:07:33,298 - weibo2_dataset_dir: ../data/Weibo+/
2025-06-15 08:07:33,298 - weibo_dataset_dir: ../data/Weibo/
2025-06-15 08:07:33,298 - ============================== End config ==============================
2025-06-15 08:07:41,961 - total number of parameters:390606584
2025-06-15 08:07:41,967 - -----------Epoch:0-----------
2025-06-15 08:07:51,699 - epoch: 0, step: 0, loss: 1.0863, acc: 0.3823
2025-06-15 08:09:29,192 - epoch: 0, step: 10, loss: 0.6806, acc: 0.6296
2025-06-15 08:11:03,406 - epoch: 0, step: 20, loss: 0.5120, acc: 0.7976
2025-06-15 08:12:32,455 - epoch: 0, step: 30, loss: 0.3993, acc: 0.7249
2025-06-15 08:14:00,863 - epoch: 0, step: 40, loss: 0.6460, acc: 0.7359
2025-06-15 08:15:32,296 - epoch: 0, step: 50, loss: 0.3404, acc: 0.8651
2025-06-15 08:17:00,132 - epoch: 0, step: 60, loss: 0.3908, acc: 0.9333
2025-06-15 08:18:30,357 - epoch: 0, step: 70, loss: 0.2257, acc: 0.9071
2025-06-15 08:20:04,546 - epoch: 0, step: 80, loss: 0.2254, acc: 0.9434
2025-06-15 08:21:39,554 - epoch: 0, step: 90, loss: 0.2186, acc: 0.9630
2025-06-15 08:23:24,042 - epoch: 0, step: 100, loss: 0.2708, acc: 0.8941
2025-06-15 08:25:03,744 - epoch: 0, step: 110, loss: 0.4007, acc: 0.7475
2025-06-15 08:26:31,853 - epoch: 0, step: 120, loss: 0.2520, acc: 0.8889
2025-06-15 08:28:12,447 - epoch: 0, step: 130, loss: 0.4317, acc: 0.8121
2025-06-15 08:29:51,667 - epoch: 0, step: 140, loss: 0.1758, acc: 0.9091
2025-06-15 08:31:20,449 - epoch: 0, step: 150, loss: 0.3310, acc: 0.9171
2025-06-15 08:32:55,078 - epoch: 0, step: 160, loss: 0.1548, acc: 0.9841
2025-06-15 08:34:39,941 - epoch: 0, step: 170, loss: 0.2866, acc: 0.9434
2025-06-15 08:36:20,372 - epoch: 0, step: 180, loss: 0.2905, acc: 0.9206
2025-06-15 08:37:51,243 - epoch: 0, step: 190, loss: 0.1988, acc: 0.9222
2025-06-15 08:38:06,212 - train_loss:0.37617 train_acc:0.836
2025-06-15 08:41:07,150 - val_loss:0.26113 val_acc:0.914 

2025-06-15 08:41:10,415 - save model,acc:0.914
2025-06-15 08:41:10,416 - -----------Epoch:1-----------
2025-06-15 08:41:20,013 - epoch: 1, step: 0, loss: 0.1456, acc: 0.9744
2025-06-15 08:42:47,980 - epoch: 1, step: 10, loss: 0.0928, acc: 0.9583
2025-06-15 08:44:24,308 - epoch: 1, step: 20, loss: 0.0877, acc: 0.9815
2025-06-15 08:46:02,513 - epoch: 1, step: 30, loss: 0.1635, acc: 0.9167
2025-06-15 08:47:40,082 - epoch: 1, step: 40, loss: 0.1462, acc: 0.9833
2025-06-15 08:49:07,632 - epoch: 1, step: 50, loss: 0.2171, acc: 0.8460
2025-06-15 08:50:38,310 - epoch: 1, step: 60, loss: 0.0666, acc: 0.9630
2025-06-15 08:52:09,312 - epoch: 1, step: 70, loss: 0.0715, acc: 1.0000
2025-06-15 08:53:39,374 - epoch: 1, step: 80, loss: 0.1364, acc: 0.9167
2025-06-15 08:55:19,629 - epoch: 1, step: 90, loss: 0.2215, acc: 0.9474
2025-06-15 08:56:49,990 - epoch: 1, step: 100, loss: 0.0453, acc: 1.0000
2025-06-15 08:58:22,818 - epoch: 1, step: 110, loss: 0.2531, acc: 0.9011
2025-06-15 08:59:59,986 - epoch: 1, step: 120, loss: 0.1906, acc: 0.8889
2025-06-15 09:01:33,532 - epoch: 1, step: 130, loss: 0.1213, acc: 0.9583
2025-06-15 09:03:03,415 - epoch: 1, step: 140, loss: 0.1989, acc: 0.8929
2025-06-15 09:04:34,780 - epoch: 1, step: 150, loss: 0.1000, acc: 0.9815
2025-06-15 09:06:08,311 - epoch: 1, step: 160, loss: 0.2976, acc: 0.9487
2025-06-15 09:07:37,949 - epoch: 1, step: 170, loss: 0.0641, acc: 0.9792
2025-06-15 09:09:13,297 - epoch: 1, step: 180, loss: 0.0441, acc: 0.9583
2025-06-15 09:10:47,714 - epoch: 1, step: 190, loss: 0.1030, acc: 0.9444
2025-06-15 09:11:00,648 - train_loss:0.16699 train_acc:0.937
2025-06-15 09:14:00,241 - val_loss:0.21586 val_acc:0.896 

2025-06-15 09:14:00,241 - -----------Epoch:2-----------
2025-06-15 09:14:07,190 - epoch: 2, step: 0, loss: 0.1196, acc: 0.9333
2025-06-15 09:15:41,547 - epoch: 2, step: 10, loss: 0.0761, acc: 0.9095
2025-06-15 09:17:12,017 - epoch: 2, step: 20, loss: 0.1026, acc: 0.9792
2025-06-15 09:18:49,232 - epoch: 2, step: 30, loss: 0.0130, acc: 1.0000
2025-06-15 09:20:24,991 - epoch: 2, step: 40, loss: 0.0537, acc: 1.0000
2025-06-15 09:22:06,486 - epoch: 2, step: 50, loss: 0.0347, acc: 1.0000
2025-06-15 09:23:38,881 - epoch: 2, step: 60, loss: 0.1327, acc: 0.9167
2025-06-15 09:25:06,699 - epoch: 2, step: 70, loss: 0.0161, acc: 1.0000
2025-06-15 09:26:46,525 - epoch: 2, step: 80, loss: 0.0795, acc: 0.9667
2025-06-15 09:28:17,330 - epoch: 2, step: 90, loss: 0.0637, acc: 0.9667
2025-06-15 09:29:52,174 - epoch: 2, step: 100, loss: 0.0310, acc: 1.0000
2025-06-15 09:31:25,738 - epoch: 2, step: 110, loss: 0.2063, acc: 0.9237
2025-06-15 09:33:06,160 - epoch: 2, step: 120, loss: 0.0109, acc: 1.0000
2025-06-15 09:34:35,528 - epoch: 2, step: 130, loss: 0.1178, acc: 0.9524
2025-06-15 09:36:02,230 - epoch: 2, step: 140, loss: 0.0429, acc: 1.0000
2025-06-15 09:37:30,007 - epoch: 2, step: 150, loss: 0.0719, acc: 0.9167
2025-06-15 09:39:00,401 - epoch: 2, step: 160, loss: 0.0181, acc: 1.0000
2025-06-15 09:40:30,847 - epoch: 2, step: 170, loss: 0.0503, acc: 1.0000
2025-06-15 09:41:59,571 - epoch: 2, step: 180, loss: 0.0336, acc: 0.9444
2025-06-15 09:43:31,613 - epoch: 2, step: 190, loss: 0.0747, acc: 1.0000
2025-06-15 09:43:45,946 - train_loss:0.08313 train_acc:0.970
2025-06-15 09:46:44,186 - val_loss:0.18880 val_acc:0.935 

2025-06-15 09:46:47,356 - save model,acc:0.935
2025-06-15 09:46:47,356 - -----------Epoch:3-----------
2025-06-15 09:46:56,965 - epoch: 3, step: 0, loss: 0.0537, acc: 0.9333
2025-06-15 09:48:30,745 - epoch: 3, step: 10, loss: 0.0220, acc: 1.0000
2025-06-15 09:50:08,948 - epoch: 3, step: 20, loss: 0.0081, acc: 1.0000
2025-06-15 09:51:39,305 - epoch: 3, step: 30, loss: 0.1373, acc: 0.9833
2025-06-15 09:53:14,136 - epoch: 3, step: 40, loss: 0.0347, acc: 1.0000
2025-06-15 09:54:48,532 - epoch: 3, step: 50, loss: 0.0141, acc: 1.0000
2025-06-15 09:56:24,731 - epoch: 3, step: 60, loss: 0.0053, acc: 1.0000
2025-06-15 09:57:54,820 - epoch: 3, step: 70, loss: 0.0473, acc: 0.9667
2025-06-15 09:59:18,450 - epoch: 3, step: 80, loss: 0.0024, acc: 1.0000
2025-06-15 10:00:53,761 - epoch: 3, step: 90, loss: 0.1242, acc: 0.8778
2025-06-15 10:02:25,345 - epoch: 3, step: 100, loss: 0.0059, acc: 1.0000
2025-06-15 10:04:03,346 - epoch: 3, step: 110, loss: 0.0114, acc: 1.0000
2025-06-15 10:05:30,519 - epoch: 3, step: 120, loss: 0.0209, acc: 1.0000
2025-06-15 10:07:04,597 - epoch: 3, step: 130, loss: 0.0032, acc: 1.0000
2025-06-15 10:08:41,709 - epoch: 3, step: 140, loss: 0.0219, acc: 1.0000
2025-06-15 10:10:07,289 - epoch: 3, step: 150, loss: 0.0222, acc: 1.0000
2025-06-15 10:11:40,892 - epoch: 3, step: 160, loss: 0.0020, acc: 1.0000
2025-06-15 10:13:19,831 - epoch: 3, step: 170, loss: 0.0632, acc: 0.9630
2025-06-15 10:14:55,096 - epoch: 3, step: 180, loss: 0.0676, acc: 0.9815
2025-06-15 10:16:25,440 - epoch: 3, step: 190, loss: 0.1017, acc: 0.9333
2025-06-15 10:16:37,341 - train_loss:0.03901 train_acc:0.985
2025-06-15 10:19:36,870 - val_loss:0.26962 val_acc:0.927 

2025-06-15 10:19:36,871 - -----------Epoch:4-----------
2025-06-15 10:19:45,686 - epoch: 4, step: 0, loss: 0.0487, acc: 1.0000
2025-06-15 10:21:19,594 - epoch: 4, step: 10, loss: 0.0232, acc: 1.0000
2025-06-15 10:22:55,065 - epoch: 4, step: 20, loss: 0.0088, acc: 1.0000
2025-06-15 10:24:32,742 - epoch: 4, step: 30, loss: 0.0105, acc: 1.0000
2025-06-15 10:26:00,870 - epoch: 4, step: 40, loss: 0.0038, acc: 1.0000
2025-06-15 10:27:24,776 - epoch: 4, step: 50, loss: 0.0184, acc: 1.0000
2025-06-15 10:28:59,689 - epoch: 4, step: 60, loss: 0.0009, acc: 1.0000
2025-06-15 10:30:31,398 - epoch: 4, step: 70, loss: 0.0086, acc: 1.0000
2025-06-15 10:32:07,419 - epoch: 4, step: 80, loss: 0.0124, acc: 1.0000
2025-06-15 10:33:41,768 - epoch: 4, step: 90, loss: 0.0902, acc: 0.9583
2025-06-15 10:35:10,267 - epoch: 4, step: 100, loss: 0.0127, acc: 1.0000
2025-06-15 10:36:33,155 - epoch: 4, step: 110, loss: 0.0009, acc: 1.0000
2025-06-15 10:38:11,339 - epoch: 4, step: 120, loss: 0.0025, acc: 1.0000
2025-06-15 10:39:49,049 - epoch: 4, step: 130, loss: 0.0014, acc: 1.0000
2025-06-15 10:41:24,566 - epoch: 4, step: 140, loss: 0.0139, acc: 1.0000
2025-06-15 10:42:57,737 - epoch: 4, step: 150, loss: 0.1089, acc: 0.9512
2025-06-15 10:44:25,070 - epoch: 4, step: 160, loss: 0.0044, acc: 1.0000
2025-06-15 10:45:56,617 - epoch: 4, step: 170, loss: 0.0021, acc: 1.0000
2025-06-15 10:47:35,107 - epoch: 4, step: 180, loss: 0.1049, acc: 0.9744
2025-06-15 10:49:07,271 - epoch: 4, step: 190, loss: 0.0355, acc: 1.0000
2025-06-15 10:49:23,418 - train_loss:0.02614 train_acc:0.991
2025-06-15 10:52:20,931 - val_loss:0.25093 val_acc:0.939 

2025-06-15 10:52:24,172 - save model,acc:0.939
2025-06-15 10:52:24,173 - -----------Epoch:5-----------
2025-06-15 10:52:34,071 - epoch: 5, step: 0, loss: 0.0087, acc: 1.0000
2025-06-15 10:54:07,357 - epoch: 5, step: 10, loss: 0.0078, acc: 1.0000
2025-06-15 10:55:38,047 - epoch: 5, step: 20, loss: 0.0142, acc: 1.0000
2025-06-15 10:57:13,385 - epoch: 5, step: 30, loss: 0.0046, acc: 1.0000
2025-06-15 10:58:46,326 - epoch: 5, step: 40, loss: 0.0023, acc: 1.0000
2025-06-15 11:00:18,820 - epoch: 5, step: 50, loss: 0.0050, acc: 1.0000
2025-06-15 11:01:51,056 - epoch: 5, step: 60, loss: 0.0176, acc: 1.0000
2025-06-15 11:03:30,106 - epoch: 5, step: 70, loss: 0.0003, acc: 1.0000
2025-06-15 11:05:06,665 - epoch: 5, step: 80, loss: 0.0033, acc: 1.0000
2025-06-15 11:06:34,422 - epoch: 5, step: 90, loss: 0.0099, acc: 1.0000
2025-06-15 11:08:10,959 - epoch: 5, step: 100, loss: 0.0010, acc: 1.0000
2025-06-15 11:09:43,534 - epoch: 5, step: 110, loss: 0.0006, acc: 1.0000
2025-06-15 11:11:16,648 - epoch: 5, step: 120, loss: 0.0156, acc: 1.0000
2025-06-15 11:12:55,089 - epoch: 5, step: 130, loss: 0.0082, acc: 1.0000
2025-06-15 11:14:24,286 - epoch: 5, step: 140, loss: 0.0016, acc: 1.0000
2025-06-15 11:15:55,307 - epoch: 5, step: 150, loss: 0.0059, acc: 1.0000
2025-06-15 11:17:30,225 - epoch: 5, step: 160, loss: 0.0011, acc: 1.0000
2025-06-15 11:18:59,712 - epoch: 5, step: 170, loss: 0.0048, acc: 1.0000
2025-06-15 11:20:27,831 - epoch: 5, step: 180, loss: 0.0019, acc: 1.0000
2025-06-15 11:21:55,205 - epoch: 5, step: 190, loss: 0.0251, acc: 1.0000
2025-06-15 11:22:09,923 - train_loss:0.01384 train_acc:0.997
2025-06-15 11:25:08,600 - val_loss:0.31488 val_acc:0.905 

2025-06-15 11:25:08,600 - -----------Epoch:6-----------
2025-06-15 11:25:19,666 - epoch: 6, step: 0, loss: 0.0057, acc: 1.0000
2025-06-15 11:26:56,811 - epoch: 6, step: 10, loss: 0.0164, acc: 1.0000
2025-06-15 11:28:22,127 - epoch: 6, step: 20, loss: 0.0005, acc: 1.0000
2025-06-15 11:29:50,486 - epoch: 6, step: 30, loss: 0.0018, acc: 1.0000
2025-06-15 11:31:19,529 - epoch: 6, step: 40, loss: 0.0164, acc: 1.0000
2025-06-15 11:32:54,132 - epoch: 6, step: 50, loss: 0.0014, acc: 1.0000
2025-06-15 11:34:30,063 - epoch: 6, step: 60, loss: 0.0039, acc: 1.0000
2025-06-15 11:36:03,527 - epoch: 6, step: 70, loss: 0.0012, acc: 1.0000
2025-06-15 11:37:37,573 - epoch: 6, step: 80, loss: 0.0030, acc: 1.0000
2025-06-15 11:39:11,387 - epoch: 6, step: 90, loss: 0.0007, acc: 1.0000
2025-06-15 11:40:41,890 - epoch: 6, step: 100, loss: 0.0051, acc: 1.0000
2025-06-15 11:42:12,523 - epoch: 6, step: 110, loss: 0.0019, acc: 1.0000
2025-06-15 11:43:41,609 - epoch: 6, step: 120, loss: 0.0108, acc: 1.0000
2025-06-15 11:45:13,080 - epoch: 6, step: 130, loss: 0.0008, acc: 1.0000
2025-06-15 11:46:43,882 - epoch: 6, step: 140, loss: 0.0003, acc: 1.0000
2025-06-15 11:48:13,497 - epoch: 6, step: 150, loss: 0.0637, acc: 0.9744
2025-06-15 11:49:42,427 - epoch: 6, step: 160, loss: 0.1127, acc: 0.9327
2025-06-15 11:51:14,768 - epoch: 6, step: 170, loss: 0.0267, acc: 1.0000
2025-06-15 11:52:43,892 - epoch: 6, step: 180, loss: 0.0030, acc: 1.0000
2025-06-15 11:54:23,162 - epoch: 6, step: 190, loss: 0.0028, acc: 1.0000
2025-06-15 11:54:36,882 - train_loss:0.01305 train_acc:0.996
2025-06-15 11:57:31,741 - val_loss:0.22474 val_acc:0.940 

2025-06-15 11:57:34,687 - save model,acc:0.940
2025-06-15 11:57:34,688 - -----------Epoch:7-----------
2025-06-15 11:57:45,485 - epoch: 7, step: 0, loss: 0.0049, acc: 1.0000
2025-06-15 11:59:20,106 - epoch: 7, step: 10, loss: 0.0014, acc: 1.0000
2025-06-15 12:00:55,417 - epoch: 7, step: 20, loss: 0.0330, acc: 1.0000
2025-06-15 12:02:25,497 - epoch: 7, step: 30, loss: 0.0032, acc: 1.0000
2025-06-15 12:03:58,434 - epoch: 7, step: 40, loss: 0.0753, acc: 0.9697
2025-06-15 12:05:32,006 - epoch: 7, step: 50, loss: 0.1229, acc: 0.9444
2025-06-15 12:06:57,786 - epoch: 7, step: 60, loss: 0.1665, acc: 0.9231
2025-06-15 12:08:31,334 - epoch: 7, step: 70, loss: 0.0835, acc: 0.9583
2025-06-15 12:10:01,852 - epoch: 7, step: 80, loss: 0.0426, acc: 0.9524
2025-06-15 12:11:35,447 - epoch: 7, step: 90, loss: 0.1185, acc: 0.9804
2025-06-15 12:13:15,729 - epoch: 7, step: 100, loss: 0.0213, acc: 1.0000
2025-06-15 12:14:43,344 - epoch: 7, step: 110, loss: 0.0115, acc: 1.0000
2025-06-15 12:16:14,158 - epoch: 7, step: 120, loss: 0.0041, acc: 1.0000
2025-06-15 12:17:42,638 - epoch: 7, step: 130, loss: 0.0351, acc: 0.9815
2025-06-15 12:19:13,398 - epoch: 7, step: 140, loss: 0.0015, acc: 1.0000
2025-06-15 12:20:48,267 - epoch: 7, step: 150, loss: 0.0205, acc: 1.0000
2025-06-15 12:22:27,031 - epoch: 7, step: 160, loss: 0.0014, acc: 1.0000
2025-06-15 12:24:02,320 - epoch: 7, step: 170, loss: 0.0116, acc: 1.0000
2025-06-15 12:25:24,867 - epoch: 7, step: 180, loss: 0.0655, acc: 0.9744
2025-06-15 12:26:52,732 - epoch: 7, step: 190, loss: 0.0058, acc: 1.0000
2025-06-15 12:27:04,048 - train_loss:0.03737 train_acc:0.986
2025-06-15 12:30:01,721 - val_loss:0.20219 val_acc:0.925 

2025-06-15 12:30:01,721 - -----------Epoch:8-----------
2025-06-15 12:30:11,322 - epoch: 8, step: 0, loss: 0.0245, acc: 1.0000
2025-06-15 12:31:52,448 - epoch: 8, step: 10, loss: 0.0076, acc: 1.0000
2025-06-15 12:33:21,158 - epoch: 8, step: 20, loss: 0.0017, acc: 1.0000
2025-06-15 12:34:55,033 - epoch: 8, step: 30, loss: 0.0495, acc: 0.9778
2025-06-15 12:36:21,852 - epoch: 8, step: 40, loss: 0.0016, acc: 1.0000
2025-06-15 12:37:57,013 - epoch: 8, step: 50, loss: 0.0006, acc: 1.0000
2025-06-15 12:39:28,689 - epoch: 8, step: 60, loss: 0.0035, acc: 1.0000
2025-06-15 12:41:08,187 - epoch: 8, step: 70, loss: 0.0071, acc: 1.0000
2025-06-15 12:42:36,253 - epoch: 8, step: 80, loss: 0.0011, acc: 1.0000
2025-06-15 12:44:12,952 - epoch: 8, step: 90, loss: 0.0005, acc: 1.0000
2025-06-15 12:45:45,536 - epoch: 8, step: 100, loss: 0.0006, acc: 1.0000
2025-06-15 12:47:17,610 - epoch: 8, step: 110, loss: 0.0059, acc: 1.0000
2025-06-15 12:48:48,608 - epoch: 8, step: 120, loss: 0.0310, acc: 0.9697
2025-06-15 12:50:14,796 - epoch: 8, step: 130, loss: 0.0012, acc: 1.0000
2025-06-15 12:51:43,516 - epoch: 8, step: 140, loss: 0.0071, acc: 1.0000
2025-06-15 12:53:12,307 - epoch: 8, step: 150, loss: 0.0095, acc: 1.0000
2025-06-15 12:54:38,472 - epoch: 8, step: 160, loss: 0.0549, acc: 0.9744
2025-06-15 12:56:13,406 - epoch: 8, step: 170, loss: 0.0302, acc: 0.9630
2025-06-15 12:57:42,410 - epoch: 8, step: 180, loss: 0.0034, acc: 1.0000
2025-06-15 12:59:20,390 - epoch: 8, step: 190, loss: 0.0742, acc: 0.9630
2025-06-15 12:59:32,292 - train_loss:0.01090 train_acc:0.995
2025-06-15 13:02:27,779 - val_loss:0.21719 val_acc:0.944 

2025-06-15 13:02:30,803 - save model,acc:0.944
2025-06-15 13:02:30,803 - -----------Epoch:9-----------
2025-06-15 13:02:39,020 - epoch: 9, step: 0, loss: 0.0063, acc: 1.0000
2025-06-15 13:04:17,802 - epoch: 9, step: 10, loss: 0.0149, acc: 1.0000
2025-06-15 13:05:52,581 - epoch: 9, step: 20, loss: 0.0007, acc: 1.0000
2025-06-15 13:07:25,944 - epoch: 9, step: 30, loss: 0.0020, acc: 1.0000
2025-06-15 13:08:54,276 - epoch: 9, step: 40, loss: 0.0010, acc: 1.0000
2025-06-15 13:10:25,484 - epoch: 9, step: 50, loss: 0.0201, acc: 1.0000
2025-06-15 13:11:53,833 - epoch: 9, step: 60, loss: 0.0535, acc: 0.9583
2025-06-15 13:13:26,774 - epoch: 9, step: 70, loss: 0.0010, acc: 1.0000
2025-06-15 13:15:02,244 - epoch: 9, step: 80, loss: 0.0009, acc: 1.0000
2025-06-15 13:16:34,588 - epoch: 9, step: 90, loss: 0.0007, acc: 1.0000
2025-06-15 13:18:07,955 - epoch: 9, step: 100, loss: 0.1944, acc: 0.9583
2025-06-15 13:19:37,117 - epoch: 9, step: 110, loss: 0.0237, acc: 0.9792
2025-06-15 13:21:13,606 - epoch: 9, step: 120, loss: 0.0156, acc: 1.0000
2025-06-15 13:22:44,242 - epoch: 9, step: 130, loss: 0.0338, acc: 0.9792
2025-06-15 13:24:23,898 - epoch: 9, step: 140, loss: 0.0025, acc: 1.0000
2025-06-15 13:25:53,037 - epoch: 9, step: 150, loss: 0.0070, acc: 1.0000
2025-06-15 13:27:29,016 - epoch: 9, step: 160, loss: 0.0016, acc: 1.0000
2025-06-15 13:28:59,131 - epoch: 9, step: 170, loss: 0.0038, acc: 1.0000
2025-06-15 13:30:23,360 - epoch: 9, step: 180, loss: 0.0011, acc: 1.0000
2025-06-15 13:31:49,015 - epoch: 9, step: 190, loss: 0.0008, acc: 1.0000
2025-06-15 13:32:01,210 - train_loss:0.01388 train_acc:0.995
2025-06-15 13:34:58,811 - val_loss:0.25029 val_acc:0.945 

2025-06-15 13:35:01,747 - save model,acc:0.945
2025-06-15 13:38:06,279 - --------------------- test results-------------------------------
2025-06-15 13:38:06,280 - acc:0.947563  prec:[0.964     0.849711  0.9770115]  rec:[0.9678715 0.9483871 0.9264305]  f1:[0.9659319  0.89634144 0.951049  ]
2025-06-15 13:38:06,280 - confusion: 
[[241   3   5]
 [  5 147   3]
 [  4  23 340]]
2025-06-15 13:38:06,280 - the running time is: 19824.3 s
